<?xml version="1.0" encoding="UTF-8"?>
<testsuite name="com.mrpeel.cricketbattingtracker.ml.SwingDetectorTest" tests="2" skipped="0" failures="0" errors="0" timestamp="2026-04-11T05:51:17" hostname="Neils-MacBook-Air.local" time="0.007">
  <properties/>
  <testcase name="testFalsePositiveDefensiveBlock" classname="com.mrpeel.cricketbattingtracker.ml.SwingDetectorTest" time="0.001"/>
  <testcase name="testValidCricketShotDetected" classname="com.mrpeel.cricketbattingtracker.ml.SwingDetectorTest" time="0.006"/>
  <system-out><![CDATA[]]></system-out>
  <system-err><![CDATA[]]></system-err>
</testsuite>
